<?xml version="1.0" encoding="UTF-8" ?>
<testsuite errors="0" failures="0" hostname="bleujin-SV" name="net.ion.websocket.TestAllWebSocket" tests="43" time="5.857" timestamp="2011-12-16T02:27:59">
  <properties>
[...]
</properties>
  <testcase classname="net.ion.websocket.client.TestSyncMockClient" name="testConnect" time="0.234" />
  <testcase classname="net.ion.websocket.client.TestSyncMockClient" name="testDisconnect" time="0.0090" />
  <testcase classname="net.ion.websocket.client.TestSyncMockClient" name="testSendMessage" time="0.011" />
  <testcase classname="net.ion.websocket.client.TestSyncMockClient" name="testWrongIP" time="2.002" />
  <testcase classname="net.ion.websocket.client.TestMessagePacket" name="testInit" time="0.0050" />
  <testcase classname="net.ion.websocket.client.TestMessagePacket" name="testPath" time="0.0010" />
  <testcase classname="net.ion.websocket.client.TestMessagePacket" name="testLoad" time="0.0040" />
  <testcase classname="net.ion.websocket.client.TestMessagePacket" name="testEmpty" time="0.0010" />
  <testcase classname="net.ion.websocket.client.TestMessagePacket" name="testHas" time="0.0" />
  <testcase classname="net.ion.websocket.client.TestMessagePacket" name="testGetDefaultString" time="0.0" />
  <testcase classname="net.ion.websocket.client.TestMessagePacket" name="testInner" time="0.0" />
  <testcase classname="net.ion.websocket.client.TestMessagePacket" name="testAraray" time="0.0010" />
  <testcase classname="net.ion.websocket.client.TestClientListener" name="testOnMessage" time="0.062" />
  <testcase classname="net.ion.websocket.client.TestClientListener" name="testOnClose" time="0.0080" />
  <testcase classname="net.ion.websocket.server.TestURIParser" name="testBlank" time="0.0" />
  <testcase classname="net.ion.websocket.server.TestURIParser" name="testLimit1" time="0.0010" />
  <testcase classname="net.ion.websocket.server.TestURIParser" name="testCaseSensitive" time="0.0" />
  <testcase classname="net.ion.websocket.server.TestURIParser" name="testLimit2" time="0.0" />
  <testcase classname="net.ion.websocket.server.TestURIParser" name="testLimitCase" time="0.0" />
  <testcase classname="net.ion.websocket.server.TestURIParser" name="testPattern" time="0.0" />
  <testcase classname="net.ion.websocket.server.TestURIParser" name="testOverCase" time="0.0" />
  <testcase classname="net.ion.websocket.server.TestServerConfigParser" name="testBaseDir" time="0.083" />
  <testcase classname="net.ion.websocket.server.TestServerConfigParser" name="testServerConfig" time="0.0060" />
  <testcase classname="net.ion.websocket.server.TestServerConfigParser" name="testEngineConfig" time="0.0060" />
  <testcase classname="net.ion.websocket.server.TestServerConfigParser" name="testContextConfig" time="0.0060" />
  <testcase classname="net.ion.websocket.server.TestServerConfigParser" name="testPluginConfig" time="0.0050" />
  <testcase classname="net.ion.websocket.server.TestServerConfigParser" name="testListenerConfig" time="0.0060" />
  <testcase classname="net.ion.websocket.server.TestContext" name="testOnStart" time="0.0050" />
  <testcase classname="net.ion.websocket.server.TestContext" name="testLoadObject" time="0.014" />
  <testcase classname="net.ion.websocket.server.TestContext" name="testApplicationScope" time="0.0060" />
  <testcase classname="net.ion.websocket.server.TestContext" name="testRequestScope" time="0.0060" />
  <testcase classname="net.ion.websocket.server.TestDefaultServer" name="testIsStarted" time="0.0020" />
  <testcase classname="net.ion.websocket.server.TestDefaultServer" name="testConnector" time="0.0" />
  <testcase classname="net.ion.websocket.server.TestDefaultServer" name="testEngine" time="0.0030" />
  <testcase classname="net.ion.websocket.server.TestServerRunner" name="testConnectUriParamter" time="0.708" />
  <testcase classname="net.ion.websocket.common.plugin.TestPlugIn" name="testCounterPlugIn" time="0.108" />
  <testcase classname="net.ion.websocket.common.plugin.TestPlugIn" name="testMultiClient" time="0.256" />
  <testcase classname="net.ion.websocket.common.plugin.TestEchoPlugIn" name="testConnected" time="0.715" />
  <testcase classname="net.ion.websocket.common.plugin.TestEchoPlugIn" name="testServerRecive" time="0.324" />
  <testcase classname="net.ion.websocket.common.plugin.TestBroadCastPlugIn" name="testBroadCast" time="0.031" />
  <testcase classname="net.ion.websocket.common.plugin.TestChannelPlugIn" name="testProcess" time="0.113" />
  <testcase classname="net.ion.websocket.common.listener.TestListener" name="testListener" time="0.517" />
  <testcase classname="net.ion.websocket.common.listener.TestChannelListener" name="testChannelListener" time="0.516" />
  <system-out><![CDATA[2011-12-16 11:27:59,679 INFO  - NettyEngine: Netty engine 'netty9000' started.
2011-12-16 11:27:59,745 DEBUG - NettyEngineHandler: message received in the engine handler
2011-12-16 11:27:59,748 DEBUG - NettyEngineHandler: arg0: timeout=3600000
2011-12-16 11:27:59,749 DEBUG - NettyEngine: Stopping Netty engine 'netty9000'...
2011-12-16 11:27:59,752 DEBUG - NettyConnector: Starting Netty connector...
2011-12-16 11:27:59,753 INFO  - NettyConnector: Started Netty connector on port57296.
2011-12-16 11:27:59,754 DEBUG - NettyEngineHandler: Channel is disconnected
2011-12-16 11:27:59,761 INFO  - NettyEngine: Netty engine 'netty9000' started.
2011-12-16 11:27:59,765 DEBUG - NettyEngineHandler: message received in the engine handler
2011-12-16 11:27:59,765 DEBUG - NettyEngineHandler: arg0: timeout=3600000
2011-12-16 11:27:59,765 DEBUG - NettyConnector: Starting Netty connector...
2011-12-16 11:27:59,766 INFO  - NettyConnector: Started Netty connector on port57305.
2011-12-16 11:27:59,766 DEBUG - NettyEngine: Stopping Netty engine 'netty9000'...
2011-12-16 11:27:59,766 DEBUG - NettyConnector: Stopping Netty connector (SHUTDOWN).....
2011-12-16 11:27:59,766 DEBUG - NettyEngineHandler: Channel is disconnected
2011-12-16 11:27:59,766 INFO  - NettyConnector: Stopped Netty connector (SHUTDOWN) on port 57305
2011-12-16 11:27:59,771 INFO  - NettyEngine: Netty engine 'netty9000' started.
2011-12-16 11:27:59,774 DEBUG - NettyEngineHandler: message received in the engine handler
2011-12-16 11:27:59,775 DEBUG - NettyEngineHandler: arg0: timeout=3600000
2011-12-16 11:27:59,775 DEBUG - NettyConnector: Starting Netty connector...
2011-12-16 11:27:59,775 INFO  - NettyConnector: Started Netty connector on port57314.
2011-12-16 11:27:59,777 DEBUG - NettyEngineHandler: message received in the engine handler
2011-12-16 11:27:59,777 DEBUG - NettyEngine: Stopping Netty engine 'netty9000'...
2011-12-16 11:27:59,777 DEBUG - NettyConnector: Stopping Netty connector (SHUTDOWN).....
2011-12-16 11:27:59,778 DEBUG - NettyEngineHandler: Channel is disconnected
2011-12-16 11:27:59,778 INFO  - NettyConnector: Stopped Netty connector (SHUTDOWN) on port 57314
[====================, [{"body":{"greeting":"hello","room":{"roomid":42222}},"head":{"requesttime":1324002481791,"requestid":"bleujin"}}]] by net.ion.websocket.client.TestMessagePacket:testLoad[20111216-112801]
2011-12-16 11:28:01,805 INFO  - NettyEngine: Netty engine 'netty9000' started.
2011-12-16 11:28:01,809 DEBUG - NettyEngineHandler: message received in the engine handler
2011-12-16 11:28:01,810 DEBUG - NettyEngineHandler: arg0: timeout=3600000
2011-12-16 11:28:01,810 DEBUG - NettyConnector: Starting Netty connector...
2011-12-16 11:28:01,810 INFO  - NettyConnector: Started Netty connector on port57326.
2011-12-16 11:28:01,811 DEBUG - NettyEngineHandler: message received in the engine handler
[====================, [{"body":{},"head":{"command":"ping"}}]] by net.ion.websocket.client.TestClientListener$1:onMessage[20111216-112801]
2011-12-16 11:28:01,861 DEBUG - NettyEngine: Stopping Netty engine 'netty9000'...
2011-12-16 11:28:01,861 DEBUG - NettyEngineHandler: Channel is disconnected
2011-12-16 11:28:01,861 DEBUG - NettyConnector: Stopping Netty connector (SHUTDOWN).....
2011-12-16 11:28:01,861 INFO  - NettyConnector: Stopped Netty connector (SHUTDOWN) on port 57326
2011-12-16 11:28:01,865 INFO  - NettyEngine: Netty engine 'netty9000' started.
2011-12-16 11:28:01,868 DEBUG - NettyEngineHandler: message received in the engine handler
2011-12-16 11:28:01,869 DEBUG - NettyEngineHandler: arg0: timeout=3600000
2011-12-16 11:28:01,869 DEBUG - NettyConnector: Starting Netty connector...
2011-12-16 11:28:01,869 INFO  - NettyConnector: Started Netty connector on port57335.
2011-12-16 11:28:01,870 DEBUG - NettyEngine: Stopping Netty engine 'netty9000'...
2011-12-16 11:28:01,870 DEBUG - NettyEngineHandler: Channel is disconnected
2011-12-16 11:28:01,870 DEBUG - NettyConnector: Stopping Netty connector (SHUTDOWN).....
2011-12-16 11:28:01,871 INFO  - NettyConnector: Stopped Netty connector (SHUTDOWN) on port 57335
[====================, [./resource/config/embed-aradon-config.xml]] by net.ion.websocket.common.config.AradonConfiguration:<init>[20111216-112801]
[====================, [./resource/config/embed-aradon-config.xml]] by net.ion.websocket.common.config.AradonConfiguration:<init>[20111216-112801]
[====================, [./resource/config/embed-aradon-config.xml]] by net.ion.websocket.common.config.AradonConfiguration:<init>[20111216-112801]
[====================, [./resource/config/embed-aradon-config.xml]] by net.ion.websocket.common.config.AradonConfiguration:<init>[20111216-112801]
[====================, [./resource/config/embed-aradon-config.xml]] by net.ion.websocket.common.config.AradonConfiguration:<init>[20111216-112801]
[====================, [./resource/config/embed-aradon-config.xml]] by net.ion.websocket.common.config.AradonConfiguration:<init>[20111216-112801]
2011-12-16 11:28:01,999 INFO  - NettyEngine: Netty engine 'netty9000' started.
2011-12-16 11:28:01,999 DEBUG - NettyEngine: Stopping Netty engine 'netty9000'...
[====================, [./null]] by net.ion.websocket.common.config.AradonConfiguration:<init>[20111216-112802]
[====================, [./null]] by net.ion.websocket.common.config.AradonConfiguration:<init>[20111216-112802]
[====================, [./null]] by net.ion.websocket.common.config.AradonConfiguration:<init>[20111216-112802]
2011-12-16 11:28:02,032 INFO  - NettyEngine: Netty engine 'netty9000' started.
2011-12-16 11:28:02,032 DEBUG - NettyEngine: Stopping Netty engine 'netty9000'...
2011-12-16 11:28:02,036 INFO  - NettyEngine: Netty engine 'netty9000' started.
2011-12-16 11:28:02,036 DEBUG - NettyEngine: Stopping Netty engine 'netty9000'...
2011-12-16 11:28:02,039 INFO  - NettyEngine: Netty engine 'netty9000' started.
2011-12-16 11:28:02,043 DEBUG - NettyEngineHandler: message received in the engine handler
2011-12-16 11:28:02,043 DEBUG - NettyConnector: Starting Netty connector...
2011-12-16 11:28:02,044 INFO  - NettyConnector: Started Netty connector on port57350.
2011-12-16 11:28:02,244 DEBUG - NettyEngineHandler: message received in the engine handler
2011-12-16 11:28:02,745 DEBUG - NettyEngine: Stopping Netty engine 'netty9000'...
2011-12-16 11:28:02,745 DEBUG - NettyConnector: Stopping Netty connector (SHUTDOWN).....
2011-12-16 11:28:02,745 DEBUG - NettyEngineHandler: Channel is disconnected
2011-12-16 11:28:02,745 INFO  - NettyConnector: Stopped Netty connector (SHUTDOWN) on port 57350
2011-12-16 11:28:02,750 INFO  - NettyEngine: Netty engine 'netty9000' started.
2011-12-16 11:28:02,753 DEBUG - NettyEngineHandler: message received in the engine handler
2011-12-16 11:28:02,754 DEBUG - NettyEngineHandler: arg0: timeout=3600000
2011-12-16 11:28:02,754 DEBUG - NettyConnector: Starting Netty connector...
2011-12-16 11:28:02,754 INFO  - NettyConnector: Started Netty connector on port57359.
2011-12-16 11:28:02,754 DEBUG - NettyEngineHandler: message received in the engine handler
2011-12-16 11:28:02,755 DEBUG - NettyEngineHandler: Channel is disconnected
2011-12-16 11:28:02,854 DEBUG - NettyEngine: Stopping Netty engine 'netty9000'...
2011-12-16 11:28:02,861 INFO  - NettyEngine: Netty engine 'netty9000' started.
2011-12-16 11:28:02,897 DEBUG - NettyEngineHandler: message received in the engine handler
2011-12-16 11:28:02,898 DEBUG - NettyEngineHandler: arg0: timeout=3600000
2011-12-16 11:28:02,899 DEBUG - NettyConnector: Starting Netty connector...
2011-12-16 11:28:02,899 INFO  - NettyConnector: Started Netty connector on port57370.
2011-12-16 11:28:02,900 DEBUG - NettyEngineHandler: message received in the engine handler
2011-12-16 11:28:02,900 DEBUG - NettyEngineHandler: Channel is disconnected
2011-12-16 11:28:02,903 DEBUG - NettyEngineHandler: message received in the engine handler
2011-12-16 11:28:02,903 DEBUG - NettyEngineHandler: arg0: timeout=3600000
2011-12-16 11:28:02,903 DEBUG - NettyConnector: Starting Netty connector...
2011-12-16 11:28:02,903 INFO  - NettyConnector: Started Netty connector on port57380.
2011-12-16 11:28:02,903 DEBUG - NettyEngineHandler: message received in the engine handler
2011-12-16 11:28:02,904 DEBUG - NettyEngineHandler: Channel is disconnected
2011-12-16 11:28:02,905 DEBUG - NettyEngineHandler: message received in the engine handler
2011-12-16 11:28:02,905 DEBUG - NettyEngineHandler: arg0: timeout=3600000
2011-12-16 11:28:02,905 DEBUG - NettyConnector: Starting Netty connector...
2011-12-16 11:28:02,905 INFO  - NettyConnector: Started Netty connector on port57387.
2011-12-16 11:28:02,906 DEBUG - NettyEngineHandler: message received in the engine handler
2011-12-16 11:28:02,906 DEBUG - NettyEngineHandler: Channel is disconnected
2011-12-16 11:28:02,906 DEBUG - NettyEngineHandler: message received in the engine handler
2011-12-16 11:28:02,906 DEBUG - NettyEngineHandler: arg0: timeout=3600000
2011-12-16 11:28:02,906 DEBUG - NettyEngineHandler: message received in the engine handler
2011-12-16 11:28:02,906 DEBUG - NettyEngineHandler: message received in the engine handler
2011-12-16 11:28:02,907 DEBUG - NettyConnector: Starting Netty connector...
2011-12-16 11:28:02,907 DEBUG - NettyEngineHandler: arg0: timeout=3600000
2011-12-16 11:28:02,907 DEBUG - NettyEngineHandler: message received in the engine handler
2011-12-16 11:28:02,907 INFO  - NettyConnector: Started Netty connector on port57390.
2011-12-16 11:28:02,907 DEBUG - NettyConnector: Starting Netty connector...
2011-12-16 11:28:02,908 INFO  - NettyConnector: Started Netty connector on port57373.
2011-12-16 11:28:02,908 DEBUG - NettyEngineHandler: arg0: timeout=3600000
2011-12-16 11:28:02,908 DEBUG - NettyConnector: Starting Netty connector...
2011-12-16 11:28:02,908 DEBUG - NettyEngineHandler: message received in the engine handler
2011-12-16 11:28:02,909 INFO  - NettyConnector: Started Netty connector on port57394.
2011-12-16 11:28:02,909 DEBUG - NettyEngineHandler: Channel is disconnected
2011-12-16 11:28:02,909 DEBUG - NettyEngineHandler: message received in the engine handler
2011-12-16 11:28:02,908 DEBUG - NettyEngineHandler: arg0: timeout=3600000
2011-12-16 11:28:02,909 DEBUG - NettyEngineHandler: message received in the engine handler
2011-12-16 11:28:02,909 DEBUG - NettyConnector: Starting Netty connector...
2011-12-16 11:28:02,910 INFO  - NettyConnector: Started Netty connector on port57420.
2011-12-16 11:28:02,908 DEBUG - NettyEngineHandler: message received in the engine handler
2011-12-16 11:28:02,910 DEBUG - NettyEngineHandler: arg0: timeout=3600000
2011-12-16 11:28:02,909 DEBUG - NettyEngineHandler: Channel is disconnected
2011-12-16 11:28:02,910 DEBUG - NettyEngineHandler: message received in the engine handler
2011-12-16 11:28:02,910 DEBUG - NettyEngineHandler: message received in the engine handler
2011-12-16 11:28:02,910 DEBUG - NettyConnector: Starting Netty connector...
2011-12-16 11:28:02,910 DEBUG - NettyEngineHandler: Channel is disconnected
2011-12-16 11:28:02,911 DEBUG - NettyEngineHandler: arg0: timeout=3600000
2011-12-16 11:28:02,911 INFO  - NettyConnector: Started Netty connector on port57424.
2011-12-16 11:28:02,911 DEBUG - NettyConnector: Starting Netty connector...
2011-12-16 11:28:02,911 INFO  - NettyConnector: Started Netty connector on port57406.
2011-12-16 11:28:02,910 DEBUG - NettyEngineHandler: arg0: timeout=3600000
2011-12-16 11:28:02,911 DEBUG - NettyEngineHandler: message received in the engine handler
2011-12-16 11:28:02,911 DEBUG - NettyConnector: Starting Netty connector...
2011-12-16 11:28:02,911 INFO  - NettyConnector: Started Netty connector on port57368.
2011-12-16 11:28:02,911 DEBUG - NettyEngineHandler: message received in the engine handler
2011-12-16 11:28:02,912 DEBUG - NettyEngineHandler: message received in the engine handler
2011-12-16 11:28:02,911 DEBUG - NettyEngineHandler: Channel is disconnected
2011-12-16 11:28:02,912 DEBUG - NettyEngineHandler: Channel is disconnected
2011-12-16 11:28:02,912 DEBUG - NettyEngineHandler: Channel is disconnected
2011-12-16 11:28:02,912 DEBUG - NettyEngineHandler: message received in the engine handler
2011-12-16 11:28:02,913 DEBUG - NettyEngineHandler: Channel is disconnected
2011-12-16 11:28:03,111 DEBUG - NettyEngine: Stopping Netty engine 'netty9000'...
2011-12-16 11:28:03,118 INFO  - NettyEngine: Netty engine 'netty9000' started.
2011-12-16 11:28:03,126 DEBUG - NettyEngineHandler: message received in the engine handler
2011-12-16 11:28:03,126 DEBUG - NettyConnector: Starting Netty connector...
2011-12-16 11:28:03,127 INFO  - NettyConnector: Started Netty connector on port57436.
[{"greeting":"hi"}] by net.ion.websocket.common.plugin.TestEchoPlugIn:testConnected[20111216-112803]
2011-12-16 11:28:03,628 DEBUG - NettyEngineHandler: message received in the engine handler
2011-12-16 11:28:03,629 DEBUG - NettyEngineHandler: message received in the engine handler
2011-12-16 11:28:03,728 DEBUG - NettyEngineHandler: Channel is disconnected
2011-12-16 11:28:03,828 DEBUG - NettyEngine: Stopping Netty engine 'netty9000'...
[[{"body":{},"head":{"command":"ping"}}]] by net.ion.websocket.common.plugin.TestEchoPlugIn:testConnected[20111216-112803]
2011-12-16 11:28:03,835 INFO  - NettyEngine: Netty engine 'netty9000' started.
2011-12-16 11:28:03,848 DEBUG - NettyEngineHandler: message received in the engine handler
2011-12-16 11:28:03,850 DEBUG - NettyEngineHandler: arg0: timeout=3600000
2011-12-16 11:28:03,850 DEBUG - NettyConnector: Starting Netty connector...
2011-12-16 11:28:03,850 INFO  - NettyConnector: Started Netty connector on port57445.
2011-12-16 11:28:03,851 DEBUG - NettyEngineHandler: message received in the engine handler
2011-12-16 11:28:04,151 DEBUG - NettyEngine: Stopping Netty engine 'netty9000'...
2011-12-16 11:28:04,151 DEBUG - NettyEngineHandler: Channel is disconnected
2011-12-16 11:28:04,151 DEBUG - NettyConnector: Stopping Netty connector (SHUTDOWN).....
2011-12-16 11:28:04,152 INFO  - NettyConnector: Stopped Netty connector (SHUTDOWN) on port 57445
2011-12-16 11:28:04,161 INFO  - NettyEngine: Netty engine 'netty9000' started.
2011-12-16 11:28:04,171 DEBUG - NettyEngineHandler: message received in the engine handler
2011-12-16 11:28:04,172 DEBUG - NettyConnector: Starting Netty connector...
2011-12-16 11:28:04,172 INFO  - NettyConnector: Started Netty connector on port57454.
2011-12-16 11:28:04,181 DEBUG - NettyEngineHandler: message received in the engine handler
2011-12-16 11:28:04,182 DEBUG - NettyConnector: Starting Netty connector...
2011-12-16 11:28:04,183 INFO  - NettyConnector: Started Netty connector on port57461.
2011-12-16 11:28:04,183 DEBUG - NettyEngineHandler: message received in the engine handler
[====================, [{"body":{"greeting":"Hi"},"head":{"sender":"bleu"}}]] by net.ion.websocket.common.plugin.AllBroadCastPlugIn:processPacket[20111216-112804]
2011-12-16 11:28:04,185 DEBUG - NettyEngineHandler: Channel is disconnected
2011-12-16 11:28:04,185 DEBUG - NettyEngine: Stopping Netty engine 'netty9000'...
2011-12-16 11:28:04,186 DEBUG - NettyConnector: Stopping Netty connector (SHUTDOWN).....
2011-12-16 11:28:04,186 INFO  - NettyConnector: Stopped Netty connector (SHUTDOWN) on port 57461
2011-12-16 11:28:04,186 DEBUG - NettyEngineHandler: Channel is disconnected
2011-12-16 11:28:04,193 INFO  - NettyEngine: Netty engine 'netty9000' started.
2011-12-16 11:28:04,199 DEBUG - NettyEngineHandler: message received in the engine handler
2011-12-16 11:28:04,200 DEBUG - NettyConnector: Starting Netty connector...
2011-12-16 11:28:04,200 INFO  - NettyConnector: Started Netty connector on port57470.
2011-12-16 11:28:04,205 DEBUG - NettyEngineHandler: message received in the engine handler
2011-12-16 11:28:04,300 DEBUG - NettyEngine: Stopping Netty engine 'netty9000'...
2011-12-16 11:28:04,300 DEBUG - NettyEngineHandler: Channel is disconnected
2011-12-16 11:28:04,301 DEBUG - NettyConnector: Stopping Netty connector (SHUTDOWN).....
2011-12-16 11:28:04,301 INFO  - NettyConnector: Stopped Netty connector (SHUTDOWN) on port 57470
2011-12-16 11:28:04,310 INFO  - NettyEngine: Netty engine 'netty9000' started.
2011-12-16 11:28:04,318 DEBUG - NettyEngineHandler: message received in the engine handler
2011-12-16 11:28:04,319 DEBUG - NettyEngineHandler: arg0: timeout=3600000
2011-12-16 11:28:04,319 DEBUG - NettyConnector: Starting Netty connector...
2011-12-16 11:28:04,319 INFO  - NettyConnector: Started Netty connector on port57479.
2011-12-16 11:28:04,320 DEBUG - NettyEngineHandler: message received in the engine handler
2011-12-16 11:28:04,320 DEBUG - NettyEngineHandler: Channel is disconnected
2011-12-16 11:28:04,820 DEBUG - NettyEngine: Stopping Netty engine 'netty9000'...
2011-12-16 11:28:04,828 INFO  - NettyEngine: Netty engine 'netty9000' started.
2011-12-16 11:28:04,836 DEBUG - NettyEngineHandler: message received in the engine handler
2011-12-16 11:28:04,837 DEBUG - NettyEngineHandler: arg0: timeout=3600000
2011-12-16 11:28:04,837 DEBUG - NettyConnector: Starting Netty connector...
2011-12-16 11:28:04,837 INFO  - NettyConnector: Started Netty connector on port57491.
2011-12-16 11:28:04,841 DEBUG - NettyEngineHandler: message received in the engine handler
2011-12-16 11:28:04,842 DEBUG - NettyEngineHandler: Channel is disconnected
2011-12-16 11:28:05,338 DEBUG - NettyEngine: Stopping Netty engine 'netty9000'...
]]></system-out>
  <system-err><![CDATA[2011. 12. 16 오전 11:27:59 java.util.jar.Attributes read
경고: Duplicate name in Manifest: Specification-Title.
Ensure that the manifest does not have duplicate entries, and
that blank lines separate individual sections in both your
manifest and in the META-INF/MANIFEST.MF entry in the jar file.
2011. 12. 16 오전 11:27:59 java.util.jar.Attributes read
경고: Duplicate name in Manifest: Specification-Version.
Ensure that the manifest does not have duplicate entries, and
that blank lines separate individual sections in both your
manifest and in the META-INF/MANIFEST.MF entry in the jar file.
2011. 12. 16 오전 11:27:59 java.util.jar.Attributes read
경고: Duplicate name in Manifest: Specification-Vendor.
Ensure that the manifest does not have duplicate entries, and
that blank lines separate individual sections in both your
manifest and in the META-INF/MANIFEST.MF entry in the jar file.
log4j:WARN No appenders could be found for logger (org.apache.commons.configuration.ConfigurationUtils).
log4j:WARN Please initialize the log4j system properly.
log4j:WARN See http://logging.apache.org/log4j/1.2/faq.html#noconfig for more info.
]]></system-err>
</testsuite>
