<?xml version="1.0" encoding="UTF-8" ?>
<testsuite errors="0" failures="0" hostname="mycom" name="net.ion.websocket.TestAllWebSocket" tests="45" time="6.156" timestamp="2011-09-15T14:37:07">
  <properties>
[...]
</properties>
  <testcase classname="net.ion.websocket.server.TestURIParser" name="testBlank" time="0.015" />
  <testcase classname="net.ion.websocket.server.TestURIParser" name="testLimit1" time="0.0" />
  <testcase classname="net.ion.websocket.server.TestURIParser" name="testLimit2" time="0.0" />
  <testcase classname="net.ion.websocket.server.TestURIParser" name="testLimitCase" time="0.0" />
  <testcase classname="net.ion.websocket.server.TestURIParser" name="testPattern" time="0.0" />
  <testcase classname="net.ion.websocket.server.TestURIParser" name="testOverCase" time="0.0" />
  <testcase classname="net.ion.websocket.server.TestServerConfigParser" name="testBaseDir" time="0.141" />
  <testcase classname="net.ion.websocket.server.TestServerConfigParser" name="testServerConfig" time="0.0" />
  <testcase classname="net.ion.websocket.server.TestServerConfigParser" name="testEngineConfig" time="0.016" />
  <testcase classname="net.ion.websocket.server.TestServerConfigParser" name="testContextConfig" time="0.0" />
  <testcase classname="net.ion.websocket.server.TestServerConfigParser" name="testPluginConfig" time="0.0" />
  <testcase classname="net.ion.websocket.server.TestServerConfigParser" name="testListenerConfig" time="0.015" />
  <testcase classname="net.ion.websocket.server.TestDefaultServer" name="testIsStarted" time="0.172" />
  <testcase classname="net.ion.websocket.server.TestDefaultServer" name="testConnector" time="0.0" />
  <testcase classname="net.ion.websocket.server.TestDefaultServer" name="testEngine" time="0.0" />
  <testcase classname="net.ion.websocket.server.TestServerRunner" name="testConnectUriParamter" time="0.578" />
  <testcase classname="net.ion.websocket.server.TestContext" name="testOnStart" time="0.016" />
  <testcase classname="net.ion.websocket.server.TestContext" name="testLoadObject" time="0.015" />
  <testcase classname="net.ion.websocket.server.TestContext" name="testApplicationScope" time="0.0" />
  <testcase classname="net.ion.websocket.server.TestContext" name="testRequestScope" time="0.016" />
  <testcase classname="net.ion.websocket.server.TestEmbedAradon" name="testConfirmAradon" time="0.234" />
  <testcase classname="net.ion.websocket.server.TestEmbedAradon" name="testAradonContext" time="0.016" />
  <testcase classname="net.ion.websocket.server.TestEmbedAradon" name="testMonitorLet" time="0.063" />
  <testcase classname="net.ion.websocket.client.TestSyncMockClient" name="testConnect" time="0.015" />
  <testcase classname="net.ion.websocket.client.TestSyncMockClient" name="testDisconnect" time="0.016" />
  <testcase classname="net.ion.websocket.client.TestSyncMockClient" name="testWrongIP" time="2.0" />
  <testcase classname="net.ion.websocket.client.TestSyncMockClient" name="testSendMessage" time="0.015" />
  <testcase classname="net.ion.websocket.client.TestMessagePacket" name="testInit" time="0.0" />
  <testcase classname="net.ion.websocket.client.TestMessagePacket" name="testPath" time="0.0" />
  <testcase classname="net.ion.websocket.client.TestMessagePacket" name="testLoad" time="0.0" />
  <testcase classname="net.ion.websocket.client.TestMessagePacket" name="testEmpty" time="0.0" />
  <testcase classname="net.ion.websocket.client.TestMessagePacket" name="testHas" time="0.0" />
  <testcase classname="net.ion.websocket.client.TestMessagePacket" name="testGetDefaultString" time="0.0" />
  <testcase classname="net.ion.websocket.client.TestMessagePacket" name="testInner" time="0.0" />
  <testcase classname="net.ion.websocket.client.TestMessagePacket" name="testAraray" time="0.0" />
  <testcase classname="net.ion.websocket.client.TestClientListener" name="testOnMessage" time="0.063" />
  <testcase classname="net.ion.websocket.client.TestClientListener" name="testOnClose" time="0.015" />
  <testcase classname="net.ion.websocket.common.plugin.TestPlugIn" name="testCounterPlugIn" time="0.11" />
  <testcase classname="net.ion.websocket.common.plugin.TestPlugIn" name="testMultiClient" time="0.281" />
  <testcase classname="net.ion.websocket.common.plugin.TestEchoPlugIn" name="testConnected" time="0.812" />
  <testcase classname="net.ion.websocket.common.plugin.TestEchoPlugIn" name="testServerRecive" time="0.313" />
  <testcase classname="net.ion.websocket.common.plugin.TestBroadCastPlugIn" name="testBroadCast" time="0.015" />
  <testcase classname="net.ion.websocket.common.plugin.TestChannelPlugIn" name="testProcess" time="0.109" />
  <testcase classname="net.ion.websocket.common.listener.TestListener" name="testListener" time="0.516" />
  <testcase classname="net.ion.websocket.common.listener.TestChannelListener" name="testChannelListener" time="0.516" />
  <system-out><![CDATA[[====================, [./resource/config/embed-aradon-config.xml]] by net.ion.websocket.common.config.AradonConfiguration:<init>[20110915-143707]
[====================, [./resource/config/embed-aradon-config.xml]] by net.ion.websocket.common.config.AradonConfiguration:<init>[20110915-143707]
[====================, [./resource/config/embed-aradon-config.xml]] by net.ion.websocket.common.config.AradonConfiguration:<init>[20110915-143707]
[====================, [./resource/config/embed-aradon-config.xml]] by net.ion.websocket.common.config.AradonConfiguration:<init>[20110915-143707]
[====================, [./resource/config/embed-aradon-config.xml]] by net.ion.websocket.common.config.AradonConfiguration:<init>[20110915-143707]
[====================, [./resource/config/embed-aradon-config.xml]] by net.ion.websocket.common.config.AradonConfiguration:<init>[20110915-143707]
[====================, [./null]] by net.ion.websocket.common.config.AradonConfiguration:<init>[20110915-143708]
2011-09-15 14:37:08,131 INFO  - BasePlugInChain: net.ion.websocket.common.plugin.AllBroadCastPlugIn@ee22f7 added
2011-09-15 14:37:08,146 INFO  - BasePlugInChain: net.ion.websocket.common.plugin.LogPlugIn@e28b9 added
[====================, [./null]] by net.ion.websocket.common.config.AradonConfiguration:<init>[20110915-143708]
2011-09-15 14:37:08,146 INFO  - BasePlugInChain: net.ion.websocket.common.plugin.AllBroadCastPlugIn@c9131c added
2011-09-15 14:37:08,146 INFO  - BasePlugInChain: net.ion.websocket.common.plugin.LogPlugIn@105b99f added
[====================, [./null]] by net.ion.websocket.common.config.AradonConfiguration:<init>[20110915-143708]
2011-09-15 14:37:08,162 INFO  - BasePlugInChain: net.ion.websocket.common.plugin.AllBroadCastPlugIn@f8968f added
2011-09-15 14:37:08,162 INFO  - BasePlugInChain: net.ion.websocket.common.plugin.LogPlugIn@64c34e added
[====================, [./resource/config/embed-aradon-config.xml]] by net.ion.websocket.common.config.AradonConfiguration:<init>[20110915-143708]
2011-09-15 14:37:08,162 INFO  - BasePlugInChain: net.ion.websocket.common.plugin.AllBroadCastPlugIn@ef137d added
2011-09-15 14:37:08,162 INFO  - BasePlugInChain: net.ion.websocket.common.plugin.LogPlugIn@1e87719 added
[    Application[aradon], let.contact.email : bleujin@i-on.net] by net.ion.radon.core.config.AttributeUtil:setStringAttribute[20110915-143708]
[    Application[aradon], let.contact.help.doc : /help/doc] by net.ion.radon.core.config.AttributeUtil:setStringAttribute[20110915-143708]
[SECTION :  loaded] by net.ion.radon.core.Aradon:setSection[20110915-143708]
[ROOT loaded] by net.ion.radon.core.Aradon:initConfig[20110915-143708]
[Bye....... Aradon] by net.ion.radon.core.Aradon:slayReleasable[20110915-143708]
[End World.........] by net.ion.radon.core.Aradon:slayReleasable[20110915-143708]
[====================, [./resource/config/embed-aradon-config.xml]] by net.ion.websocket.common.config.AradonConfiguration:<init>[20110915-143708]
2011-09-15 14:37:08,396 INFO  - BasePlugInChain: net.ion.websocket.common.plugin.AllBroadCastPlugIn@100ebec added
2011-09-15 14:37:08,396 INFO  - BasePlugInChain: net.ion.websocket.common.plugin.LogPlugIn@180f96c added
[    Application[aradon], let.contact.email : bleujin@i-on.net] by net.ion.radon.core.config.AttributeUtil:setStringAttribute[20110915-143708]
[    Application[aradon], let.contact.help.doc : /help/doc] by net.ion.radon.core.config.AttributeUtil:setStringAttribute[20110915-143708]
[SECTION :  loaded] by net.ion.radon.core.Aradon:setSection[20110915-143708]
[ROOT loaded] by net.ion.radon.core.Aradon:initConfig[20110915-143708]
[Bye....... Aradon] by net.ion.radon.core.Aradon:slayReleasable[20110915-143708]
[End World.........] by net.ion.radon.core.Aradon:slayReleasable[20110915-143708]
[====================, [./resource/config/embed-aradon-config.xml]] by net.ion.websocket.common.config.AradonConfiguration:<init>[20110915-143708]
2011-09-15 14:37:08,428 INFO  - BasePlugInChain: net.ion.websocket.common.plugin.AllBroadCastPlugIn@1589e56 added
2011-09-15 14:37:08,428 INFO  - BasePlugInChain: net.ion.websocket.common.plugin.LogPlugIn@1033a6f added
[    Application[aradon], let.contact.email : bleujin@i-on.net] by net.ion.radon.core.config.AttributeUtil:setStringAttribute[20110915-143708]
[    Application[aradon], let.contact.help.doc : /help/doc] by net.ion.radon.core.config.AttributeUtil:setStringAttribute[20110915-143708]
[SECTION :  loaded] by net.ion.radon.core.Aradon:setSection[20110915-143708]
[ROOT loaded] by net.ion.radon.core.Aradon:initConfig[20110915-143708]
[Bye....... Aradon] by net.ion.radon.core.Aradon:slayReleasable[20110915-143708]
[End World.........] by net.ion.radon.core.Aradon:slayReleasable[20110915-143708]
2011-09-15 14:37:10,521 INFO  - BasePlugInChain: net.ion.websocket.common.plugin.EchoPlugIn@b7b3f9 added
[====================, [127.0.0.1:2773 (anonymous), net.ion.websocket.common.kit.RawPacket@b1cc87]] by net.ion.websocket.common.plugin.EchoPlugIn:processPacket[20110915-143710]
[====================, [{"body":{},"head":{"command":"ping"}}]] by net.ion.websocket.client.TestClientListener$1:onMessage[20110915-143710]
2011-09-15 14:37:10,584 INFO  - BasePlugInChain: net.ion.websocket.common.plugin.EchoPlugIn@b7b3f9 added
2011-09-15 14:37:10,599 INFO  - BasePlugInChain: net.ion.websocket.common.plugin.CounterPlugIn@183e7de added
2011-09-15 14:37:10,709 INFO  - BasePlugInChain: net.ion.websocket.common.plugin.CounterPlugIn@da2cef added
2011-09-15 14:37:10,990 INFO  - BasePlugInChain: net.ion.websocket.common.plugin.EchoPlugIn@18b8914 added
[{}] by net.ion.websocket.common.plugin.TestEchoPlugIn:testConnected[20110915-143711]
[====================, [127.0.0.1:2868 (anonymous), net.ion.websocket.common.kit.RawPacket@157ea4a]] by net.ion.websocket.common.plugin.EchoPlugIn:processPacket[20110915-143711]
[====================, [127.0.0.1:2868 (anonymous), net.ion.websocket.common.kit.RawPacket@1a1399]] by net.ion.websocket.common.plugin.EchoPlugIn:processPacket[20110915-143711]
[[{"body":{},"head":{"command":"ping"}}]] by net.ion.websocket.common.plugin.TestEchoPlugIn:testConnected[20110915-143711]
2011-09-15 14:37:11,802 INFO  - BasePlugInChain: net.ion.websocket.common.plugin.EchoPlugIn@1f03691 added
[====================, [127.0.0.1:2878 (anonymous), net.ion.websocket.common.kit.RawPacket@6835fb]] by net.ion.websocket.common.plugin.EchoPlugIn:processPacket[20110915-143711]
2011-09-15 14:37:12,115 INFO  - BasePlugInChain: net.ion.websocket.common.plugin.AllBroadCastPlugIn@136a1a1 added
2011-09-15 14:37:12,146 INFO  - BasePlugInChain: net.ion.websocket.common.plugin.ChannelPlugIn@83e1e added
]]></system-out>
  <system-err><![CDATA[2011. 9. 15 오후 2:37:07 java.util.jar.Attributes read
경고: Duplicate name in Manifest: Specification-Title.
Ensure that the manifest does not have duplicate entries, and
that blank lines separate individual sections in both your
manifest and in the META-INF/MANIFEST.MF entry in the jar file.
2011. 9. 15 오후 2:37:07 java.util.jar.Attributes read
경고: Duplicate name in Manifest: Specification-Version.
Ensure that the manifest does not have duplicate entries, and
that blank lines separate individual sections in both your
manifest and in the META-INF/MANIFEST.MF entry in the jar file.
2011. 9. 15 오후 2:37:07 java.util.jar.Attributes read
경고: Duplicate name in Manifest: Specification-Vendor.
Ensure that the manifest does not have duplicate entries, and
that blank lines separate individual sections in both your
manifest and in the META-INF/MANIFEST.MF entry in the jar file.
2011. 9. 15 오후 2:37:07 java.util.jar.Attributes read
경고: Duplicate name in Manifest: Specification-Title.
Ensure that the manifest does not have duplicate entries, and
that blank lines separate individual sections in both your
manifest and in the META-INF/MANIFEST.MF entry in the jar file.
2011. 9. 15 오후 2:37:07 java.util.jar.Attributes read
경고: Duplicate name in Manifest: Specification-Version.
Ensure that the manifest does not have duplicate entries, and
that blank lines separate individual sections in both your
manifest and in the META-INF/MANIFEST.MF entry in the jar file.
2011. 9. 15 오후 2:37:07 java.util.jar.Attributes read
경고: Duplicate name in Manifest: Specification-Vendor.
Ensure that the manifest does not have duplicate entries, and
that blank lines separate individual sections in both your
manifest and in the META-INF/MANIFEST.MF entry in the jar file.
log4j:WARN No appenders could be found for logger (org.apache.commons.configuration.ConfigurationUtils).
log4j:WARN Please initialize the log4j system properly.
log4j:WARN See http://logging.apache.org/log4j/1.2/faq.html#noconfig for more info.
[Warn, plugin not exists] by net.ion.radon.core.ClassAppender:appendPath[20110915-143708]
[Warn, lib not exists] by net.ion.radon.core.ClassAppender:appendPath[20110915-143708]
SLF4J: The requested version 1.5.10 by your slf4j binding is not compatible with [1.5.5, 1.5.6]
SLF4J: See http://www.slf4j.org/codes.html#version_mismatch for further details.
jetty-7.x.y-SNAPSHOT
Started SelectChannelConnector@0.0.0.0:18787
aradon server started : 18787
aradon server stoped
[Warn, plugin not exists] by net.ion.radon.core.ClassAppender:appendPath[20110915-143708]
[Warn, lib not exists] by net.ion.radon.core.ClassAppender:appendPath[20110915-143708]
aradon server stoped
jetty-7.x.y-SNAPSHOT
Started SelectChannelConnector@0.0.0.0:18787
aradon server started : 18787
[Warn, plugin not exists] by net.ion.radon.core.ClassAppender:appendPath[20110915-143708]
[Warn, lib not exists] by net.ion.radon.core.ClassAppender:appendPath[20110915-143708]
jetty-7.x.y-SNAPSHOT
Started SelectChannelConnector@0.0.0.0:18787
aradon server started : 18787
aradon server stoped
]]></system-err>
</testsuite>
